0 info it worked if it ends with ok
1 verbose cli [ '/usr/local/bin/node',
1 verbose cli   '/usr/local/bin/npm',
1 verbose cli   'install',
1 verbose cli   '-g',
1 verbose cli   'plugman' ]
2 info using npm@1.3.5
3 info using node@v0.10.15
4 verbose cache add [ 'plugman', null ]
5 verbose cache add name=undefined spec="plugman" args=["plugman",null]
6 verbose parsed url { protocol: null,
6 verbose parsed url   slashes: null,
6 verbose parsed url   auth: null,
6 verbose parsed url   host: null,
6 verbose parsed url   port: null,
6 verbose parsed url   hostname: null,
6 verbose parsed url   hash: null,
6 verbose parsed url   search: null,
6 verbose parsed url   query: null,
6 verbose parsed url   pathname: 'plugman',
6 verbose parsed url   path: 'plugman',
6 verbose parsed url   href: 'plugman' }
7 silly lockFile 3c17847d-plugman plugman
8 verbose lock plugman /Users/diseno_01/.npm/3c17847d-plugman.lock
9 silly lockFile 3c17847d-plugman plugman
10 verbose addNamed [ 'plugman', '' ]
11 verbose addNamed [ null, '*' ]
12 silly lockFile 9ad59204-plugman plugman@
13 verbose lock plugman@ /Users/diseno_01/.npm/9ad59204-plugman.lock
14 silly lockFile 9ad59204-plugman plugman@
15 error Error: EACCES, open '/Users/diseno_01/.npm/9ad59204-plugman.lock'
15 error  { [Error: EACCES, open '/Users/diseno_01/.npm/9ad59204-plugman.lock']
15 error   errno: 3,
15 error   code: 'EACCES',
15 error   path: '/Users/diseno_01/.npm/9ad59204-plugman.lock' }
16 error Please try running this command again as root/Administrator.
17 error System Darwin 13.0.0
18 error command "/usr/local/bin/node" "/usr/local/bin/npm" "install" "-g" "plugman"
19 error cwd /Users/diseno_01/Developer/phonegap/samples/analytics
20 error node -v v0.10.15
21 error npm -v 1.3.5
22 error path /Users/diseno_01/.npm/9ad59204-plugman.lock
23 error code EACCES
24 error errno 3
25 error stack Error: EACCES, open '/Users/diseno_01/.npm/9ad59204-plugman.lock'
26 verbose exit [ 3, true ]
